
          /\      |‾‾| /‾‾/   /‾‾/   
     /\  /  \     |  |/  /   /  /    
    /  \/    \    |     (   /   ‾‾\  
   /          \   |  |\  \ |  (‾)  | 
  / __________ \  |__| \__\ \_____/ .io

     execution: local
        script: benchmark/demo_scaleout.js
        output: -

     scenarios: (100.00%) 1 scenario, 300 max VUs, 6m30s max duration (incl. graceful stop):
              * demo: 30.00 iterations/s for 6m0s (maxVUs: 120-300, gracefulStop: 30s)


running (0m01.0s), 006/120 VUs, 24 complete and 0 interrupted iterations
demo   [   0% ] 006/120 VUs  0m01.0s/6m0s  30.00 iters/s

running (0m02.0s), 002/120 VUs, 58 complete and 0 interrupted iterations
demo   [   1% ] 002/120 VUs  0m02.0s/6m0s  30.00 iters/s

running (0m03.0s), 001/120 VUs, 89 complete and 0 interrupted iterations
demo   [   1% ] 001/120 VUs  0m03.0s/6m0s  30.00 iters/s

running (0m04.0s), 001/120 VUs, 119 complete and 0 interrupted iterations
demo   [   1% ] 001/120 VUs  0m04.0s/6m0s  30.00 iters/s

running (0m05.0s), 001/120 VUs, 149 complete and 0 interrupted iterations
demo   [   1% ] 001/120 VUs  0m05.0s/6m0s  30.00 iters/s

running (0m06.0s), 001/120 VUs, 179 complete and 0 interrupted iterations
demo   [   2% ] 001/120 VUs  0m06.0s/6m0s  30.00 iters/s

running (0m07.0s), 001/120 VUs, 209 complete and 0 interrupted iterations
demo   [   2% ] 001/120 VUs  0m07.0s/6m0s  30.00 iters/s

running (0m08.0s), 001/120 VUs, 239 complete and 0 interrupted iterations
demo   [   2% ] 001/120 VUs  0m08.0s/6m0s  30.00 iters/s

running (0m09.0s), 001/120 VUs, 269 complete and 0 interrupted iterations
demo   [   2% ] 001/120 VUs  0m09.0s/6m0s  30.00 iters/s

running (0m10.0s), 001/120 VUs, 299 complete and 0 interrupted iterations
demo   [   3% ] 001/120 VUs  0m10.0s/6m0s  30.00 iters/s

running (0m11.0s), 001/120 VUs, 329 complete and 0 interrupted iterations
demo   [   3% ] 001/120 VUs  0m11.0s/6m0s  30.00 iters/s

running (0m12.0s), 001/120 VUs, 359 complete and 0 interrupted iterations
demo   [   3% ] 001/120 VUs  0m12.0s/6m0s  30.00 iters/s

running (0m13.0s), 001/120 VUs, 389 complete and 0 interrupted iterations
demo   [   4% ] 001/120 VUs  0m13.0s/6m0s  30.00 iters/s

running (0m14.0s), 001/120 VUs, 419 complete and 0 interrupted iterations
demo   [   4% ] 001/120 VUs  0m14.0s/6m0s  30.00 iters/s

running (0m15.0s), 001/120 VUs, 449 complete and 0 interrupted iterations
demo   [   4% ] 001/120 VUs  0m15.0s/6m0s  30.00 iters/s

running (0m16.0s), 001/120 VUs, 479 complete and 0 interrupted iterations
demo   [   4% ] 001/120 VUs  0m16.0s/6m0s  30.00 iters/s

running (0m17.0s), 001/120 VUs, 509 complete and 0 interrupted iterations
demo   [   5% ] 001/120 VUs  0m17.0s/6m0s  30.00 iters/s

running (0m18.0s), 001/120 VUs, 539 complete and 0 interrupted iterations
demo   [   5% ] 001/120 VUs  0m18.0s/6m0s  30.00 iters/s

running (0m19.0s), 001/120 VUs, 569 complete and 0 interrupted iterations
demo   [   5% ] 001/120 VUs  0m19.0s/6m0s  30.00 iters/s

running (0m20.0s), 001/120 VUs, 599 complete and 0 interrupted iterations
demo   [   6% ] 001/120 VUs  0m20.0s/6m0s  30.00 iters/s

running (0m21.0s), 001/120 VUs, 629 complete and 0 interrupted iterations
demo   [   6% ] 001/120 VUs  0m21.0s/6m0s  30.00 iters/s

running (0m22.0s), 001/120 VUs, 659 complete and 0 interrupted iterations
demo   [   6% ] 001/120 VUs  0m22.0s/6m0s  30.00 iters/s

running (0m23.0s), 001/120 VUs, 689 complete and 0 interrupted iterations
demo   [   6% ] 001/120 VUs  0m23.0s/6m0s  30.00 iters/s

running (0m24.0s), 001/120 VUs, 719 complete and 0 interrupted iterations
demo   [   7% ] 001/120 VUs  0m24.0s/6m0s  30.00 iters/s

running (0m25.0s), 001/120 VUs, 749 complete and 0 interrupted iterations
demo   [   7% ] 001/120 VUs  0m25.0s/6m0s  30.00 iters/s

running (0m26.0s), 001/120 VUs, 779 complete and 0 interrupted iterations
demo   [   7% ] 001/120 VUs  0m26.0s/6m0s  30.00 iters/s

running (0m27.0s), 001/120 VUs, 809 complete and 0 interrupted iterations
demo   [   7% ] 001/120 VUs  0m27.0s/6m0s  30.00 iters/s

running (0m28.0s), 001/120 VUs, 839 complete and 0 interrupted iterations
demo   [   8% ] 001/120 VUs  0m28.0s/6m0s  30.00 iters/s

running (0m29.0s), 001/120 VUs, 869 complete and 0 interrupted iterations
demo   [   8% ] 001/120 VUs  0m29.0s/6m0s  30.00 iters/s

running (0m30.0s), 001/120 VUs, 899 complete and 0 interrupted iterations
demo   [   8% ] 001/120 VUs  0m30.0s/6m0s  30.00 iters/s

running (0m31.0s), 001/120 VUs, 929 complete and 0 interrupted iterations
demo   [   9% ] 001/120 VUs  0m31.0s/6m0s  30.00 iters/s

running (0m32.0s), 001/120 VUs, 959 complete and 0 interrupted iterations
demo   [   9% ] 001/120 VUs  0m32.0s/6m0s  30.00 iters/s

running (0m33.0s), 001/120 VUs, 989 complete and 0 interrupted iterations
demo   [   9% ] 001/120 VUs  0m33.0s/6m0s  30.00 iters/s

running (0m34.0s), 001/120 VUs, 1019 complete and 0 interrupted iterations
demo   [   9% ] 001/120 VUs  0m34.0s/6m0s  30.00 iters/s

running (0m35.0s), 001/120 VUs, 1049 complete and 0 interrupted iterations
demo   [  10% ] 001/120 VUs  0m35.0s/6m0s  30.00 iters/s

running (0m36.0s), 001/120 VUs, 1079 complete and 0 interrupted iterations
demo   [  10% ] 001/120 VUs  0m36.0s/6m0s  30.00 iters/s

running (0m37.0s), 001/120 VUs, 1109 complete and 0 interrupted iterations
demo   [  10% ] 001/120 VUs  0m37.0s/6m0s  30.00 iters/s

running (0m38.0s), 001/120 VUs, 1139 complete and 0 interrupted iterations
demo   [  11% ] 001/120 VUs  0m38.0s/6m0s  30.00 iters/s

running (0m39.0s), 001/120 VUs, 1169 complete and 0 interrupted iterations
demo   [  11% ] 001/120 VUs  0m39.0s/6m0s  30.00 iters/s

running (0m40.0s), 001/120 VUs, 1199 complete and 0 interrupted iterations
demo   [  11% ] 001/120 VUs  0m40.0s/6m0s  30.00 iters/s

running (0m41.0s), 001/120 VUs, 1229 complete and 0 interrupted iterations
demo   [  11% ] 001/120 VUs  0m41.0s/6m0s  30.00 iters/s

running (0m42.0s), 001/120 VUs, 1259 complete and 0 interrupted iterations
demo   [  12% ] 001/120 VUs  0m42.0s/6m0s  30.00 iters/s

running (0m43.0s), 002/120 VUs, 1288 complete and 0 interrupted iterations
demo   [  12% ] 002/120 VUs  0m43.0s/6m0s  30.00 iters/s

running (0m44.0s), 001/120 VUs, 1319 complete and 0 interrupted iterations
demo   [  12% ] 001/120 VUs  0m44.0s/6m0s  30.00 iters/s

running (0m45.0s), 001/120 VUs, 1349 complete and 0 interrupted iterations
demo   [  12% ] 001/120 VUs  0m45.0s/6m0s  30.00 iters/s

running (0m46.0s), 001/120 VUs, 1379 complete and 0 interrupted iterations
demo   [  13% ] 001/120 VUs  0m46.0s/6m0s  30.00 iters/s

running (0m47.0s), 001/120 VUs, 1409 complete and 0 interrupted iterations
demo   [  13% ] 001/120 VUs  0m47.0s/6m0s  30.00 iters/s

running (0m48.0s), 001/120 VUs, 1439 complete and 0 interrupted iterations
demo   [  13% ] 001/120 VUs  0m48.0s/6m0s  30.00 iters/s

running (0m49.0s), 001/120 VUs, 1469 complete and 0 interrupted iterations
demo   [  14% ] 001/120 VUs  0m49.0s/6m0s  30.00 iters/s

running (0m50.0s), 001/120 VUs, 1499 complete and 0 interrupted iterations
demo   [  14% ] 001/120 VUs  0m50.0s/6m0s  30.00 iters/s

running (0m51.0s), 001/120 VUs, 1529 complete and 0 interrupted iterations
demo   [  14% ] 001/120 VUs  0m51.0s/6m0s  30.00 iters/s

running (0m52.0s), 001/120 VUs, 1559 complete and 0 interrupted iterations
demo   [  14% ] 001/120 VUs  0m52.0s/6m0s  30.00 iters/s

running (0m53.0s), 001/120 VUs, 1589 complete and 0 interrupted iterations
demo   [  15% ] 001/120 VUs  0m53.0s/6m0s  30.00 iters/s

running (0m54.0s), 001/120 VUs, 1619 complete and 0 interrupted iterations
demo   [  15% ] 001/120 VUs  0m54.0s/6m0s  30.00 iters/s

running (0m55.0s), 001/120 VUs, 1649 complete and 0 interrupted iterations
demo   [  15% ] 001/120 VUs  0m55.0s/6m0s  30.00 iters/s

running (0m56.0s), 001/120 VUs, 1679 complete and 0 interrupted iterations
demo   [  16% ] 001/120 VUs  0m56.0s/6m0s  30.00 iters/s

running (0m57.0s), 001/120 VUs, 1709 complete and 0 interrupted iterations
demo   [  16% ] 001/120 VUs  0m57.0s/6m0s  30.00 iters/s

running (0m58.0s), 001/120 VUs, 1739 complete and 0 interrupted iterations
demo   [  16% ] 001/120 VUs  0m58.0s/6m0s  30.00 iters/s

running (0m59.0s), 001/120 VUs, 1769 complete and 0 interrupted iterations
demo   [  16% ] 001/120 VUs  0m59.0s/6m0s  30.00 iters/s

running (1m00.0s), 001/120 VUs, 1799 complete and 0 interrupted iterations
demo   [  17% ] 001/120 VUs  1m00.0s/6m0s  30.00 iters/s

running (1m01.0s), 001/120 VUs, 1829 complete and 0 interrupted iterations
demo   [  17% ] 001/120 VUs  1m01.0s/6m0s  30.00 iters/s

running (1m02.0s), 001/120 VUs, 1859 complete and 0 interrupted iterations
demo   [  17% ] 001/120 VUs  1m02.0s/6m0s  30.00 iters/s

running (1m03.0s), 001/120 VUs, 1889 complete and 0 interrupted iterations
demo   [  17% ] 001/120 VUs  1m03.0s/6m0s  30.00 iters/s

running (1m04.0s), 001/120 VUs, 1919 complete and 0 interrupted iterations
demo   [  18% ] 001/120 VUs  1m04.0s/6m0s  30.00 iters/s

running (1m05.0s), 001/120 VUs, 1949 complete and 0 interrupted iterations
demo   [  18% ] 001/120 VUs  1m05.0s/6m0s  30.00 iters/s

running (1m06.0s), 001/120 VUs, 1979 complete and 0 interrupted iterations
demo   [  18% ] 001/120 VUs  1m06.0s/6m0s  30.00 iters/s

running (1m07.0s), 001/120 VUs, 2009 complete and 0 interrupted iterations
demo   [  19% ] 001/120 VUs  1m07.0s/6m0s  30.00 iters/s

running (1m08.0s), 001/120 VUs, 2039 complete and 0 interrupted iterations
demo   [  19% ] 001/120 VUs  1m08.0s/6m0s  30.00 iters/s

running (1m09.0s), 001/120 VUs, 2069 complete and 0 interrupted iterations
demo   [  19% ] 001/120 VUs  1m09.0s/6m0s  30.00 iters/s

running (1m10.0s), 001/120 VUs, 2099 complete and 0 interrupted iterations
demo   [  19% ] 001/120 VUs  1m10.0s/6m0s  30.00 iters/s

running (1m11.0s), 001/120 VUs, 2129 complete and 0 interrupted iterations
demo   [  20% ] 001/120 VUs  1m11.0s/6m0s  30.00 iters/s

running (1m12.0s), 001/120 VUs, 2159 complete and 0 interrupted iterations
demo   [  20% ] 001/120 VUs  1m12.0s/6m0s  30.00 iters/s

running (1m13.0s), 001/120 VUs, 2189 complete and 0 interrupted iterations
demo   [  20% ] 001/120 VUs  1m13.0s/6m0s  30.00 iters/s

running (1m14.0s), 001/120 VUs, 2219 complete and 0 interrupted iterations
demo   [  21% ] 001/120 VUs  1m14.0s/6m0s  30.00 iters/s

running (1m15.0s), 001/120 VUs, 2249 complete and 0 interrupted iterations
demo   [  21% ] 001/120 VUs  1m15.0s/6m0s  30.00 iters/s

running (1m16.0s), 001/120 VUs, 2279 complete and 0 interrupted iterations
demo   [  21% ] 001/120 VUs  1m16.0s/6m0s  30.00 iters/s

running (1m17.0s), 001/120 VUs, 2309 complete and 0 interrupted iterations
demo   [  21% ] 001/120 VUs  1m17.0s/6m0s  30.00 iters/s

running (1m18.0s), 001/120 VUs, 2339 complete and 0 interrupted iterations
demo   [  22% ] 001/120 VUs  1m18.0s/6m0s  30.00 iters/s

running (1m19.0s), 001/120 VUs, 2369 complete and 0 interrupted iterations
demo   [  22% ] 001/120 VUs  1m19.0s/6m0s  30.00 iters/s

running (1m20.0s), 001/120 VUs, 2399 complete and 0 interrupted iterations
demo   [  22% ] 001/120 VUs  1m20.0s/6m0s  30.00 iters/s

running (1m21.0s), 001/120 VUs, 2429 complete and 0 interrupted iterations
demo   [  22% ] 001/120 VUs  1m21.0s/6m0s  30.00 iters/s

running (1m22.0s), 001/120 VUs, 2459 complete and 0 interrupted iterations
demo   [  23% ] 001/120 VUs  1m22.0s/6m0s  30.00 iters/s

running (1m23.0s), 001/120 VUs, 2489 complete and 0 interrupted iterations
demo   [  23% ] 001/120 VUs  1m23.0s/6m0s  30.00 iters/s

running (1m24.0s), 001/120 VUs, 2519 complete and 0 interrupted iterations
demo   [  23% ] 001/120 VUs  1m24.0s/6m0s  30.00 iters/s

running (1m25.0s), 001/120 VUs, 2549 complete and 0 interrupted iterations
demo   [  24% ] 001/120 VUs  1m25.0s/6m0s  30.00 iters/s

running (1m26.0s), 001/120 VUs, 2579 complete and 0 interrupted iterations
demo   [  24% ] 001/120 VUs  1m26.0s/6m0s  30.00 iters/s

running (1m27.0s), 001/120 VUs, 2609 complete and 0 interrupted iterations
demo   [  24% ] 001/120 VUs  1m27.0s/6m0s  30.00 iters/s

running (1m28.0s), 001/120 VUs, 2639 complete and 0 interrupted iterations
demo   [  24% ] 001/120 VUs  1m28.0s/6m0s  30.00 iters/s

running (1m29.0s), 001/120 VUs, 2669 complete and 0 interrupted iterations
demo   [  25% ] 001/120 VUs  1m29.0s/6m0s  30.00 iters/s

running (1m30.0s), 001/120 VUs, 2699 complete and 0 interrupted iterations
demo   [  25% ] 001/120 VUs  1m30.0s/6m0s  30.00 iters/s

running (1m31.0s), 002/120 VUs, 2728 complete and 0 interrupted iterations
demo   [  25% ] 002/120 VUs  1m31.0s/6m0s  30.00 iters/s

running (1m32.0s), 001/120 VUs, 2759 complete and 0 interrupted iterations
demo   [  26% ] 001/120 VUs  1m32.0s/6m0s  30.00 iters/s

running (1m33.0s), 001/120 VUs, 2789 complete and 0 interrupted iterations
demo   [  26% ] 001/120 VUs  1m33.0s/6m0s  30.00 iters/s

running (1m34.0s), 001/120 VUs, 2819 complete and 0 interrupted iterations
demo   [  26% ] 001/120 VUs  1m34.0s/6m0s  30.00 iters/s

running (1m35.0s), 001/120 VUs, 2849 complete and 0 interrupted iterations
demo   [  26% ] 001/120 VUs  1m35.0s/6m0s  30.00 iters/s

running (1m36.0s), 001/120 VUs, 2879 complete and 0 interrupted iterations
demo   [  27% ] 001/120 VUs  1m36.0s/6m0s  30.00 iters/s

running (1m37.0s), 001/120 VUs, 2909 complete and 0 interrupted iterations
demo   [  27% ] 001/120 VUs  1m37.0s/6m0s  30.00 iters/s

running (1m38.0s), 001/120 VUs, 2939 complete and 0 interrupted iterations
demo   [  27% ] 001/120 VUs  1m38.0s/6m0s  30.00 iters/s

running (1m39.0s), 001/120 VUs, 2969 complete and 0 interrupted iterations
demo   [  27% ] 001/120 VUs  1m39.0s/6m0s  30.00 iters/s

running (1m40.0s), 001/120 VUs, 2999 complete and 0 interrupted iterations
demo   [  28% ] 001/120 VUs  1m40.0s/6m0s  30.00 iters/s

running (1m41.0s), 001/120 VUs, 3029 complete and 0 interrupted iterations
demo   [  28% ] 001/120 VUs  1m41.0s/6m0s  30.00 iters/s

running (1m42.0s), 001/120 VUs, 3059 complete and 0 interrupted iterations
demo   [  28% ] 001/120 VUs  1m42.0s/6m0s  30.00 iters/s

running (1m43.0s), 001/120 VUs, 3089 complete and 0 interrupted iterations
demo   [  29% ] 001/120 VUs  1m43.0s/6m0s  30.00 iters/s

running (1m44.0s), 001/120 VUs, 3119 complete and 0 interrupted iterations
demo   [  29% ] 001/120 VUs  1m44.0s/6m0s  30.00 iters/s

running (1m45.0s), 001/120 VUs, 3149 complete and 0 interrupted iterations
demo   [  29% ] 001/120 VUs  1m45.0s/6m0s  30.00 iters/s

running (1m46.0s), 001/120 VUs, 3179 complete and 0 interrupted iterations
demo   [  29% ] 001/120 VUs  1m46.0s/6m0s  30.00 iters/s

running (1m47.0s), 001/120 VUs, 3209 complete and 0 interrupted iterations
demo   [  30% ] 001/120 VUs  1m47.0s/6m0s  30.00 iters/s

running (1m48.0s), 001/120 VUs, 3239 complete and 0 interrupted iterations
demo   [  30% ] 001/120 VUs  1m48.0s/6m0s  30.00 iters/s

running (1m49.0s), 001/120 VUs, 3269 complete and 0 interrupted iterations
demo   [  30% ] 001/120 VUs  1m49.0s/6m0s  30.00 iters/s

running (1m50.0s), 001/120 VUs, 3299 complete and 0 interrupted iterations
demo   [  31% ] 001/120 VUs  1m50.0s/6m0s  30.00 iters/s

running (1m51.0s), 001/120 VUs, 3329 complete and 0 interrupted iterations
demo   [  31% ] 001/120 VUs  1m51.0s/6m0s  30.00 iters/s

running (1m52.0s), 001/120 VUs, 3359 complete and 0 interrupted iterations
demo   [  31% ] 001/120 VUs  1m52.0s/6m0s  30.00 iters/s

running (1m53.0s), 001/120 VUs, 3389 complete and 0 interrupted iterations
demo   [  31% ] 001/120 VUs  1m53.0s/6m0s  30.00 iters/s

running (1m54.0s), 001/120 VUs, 3419 complete and 0 interrupted iterations
demo   [  32% ] 001/120 VUs  1m54.0s/6m0s  30.00 iters/s

running (1m55.0s), 001/120 VUs, 3449 complete and 0 interrupted iterations
demo   [  32% ] 001/120 VUs  1m55.0s/6m0s  30.00 iters/s

running (1m56.0s), 001/120 VUs, 3479 complete and 0 interrupted iterations
demo   [  32% ] 001/120 VUs  1m56.0s/6m0s  30.00 iters/s

running (1m57.0s), 001/120 VUs, 3509 complete and 0 interrupted iterations
demo   [  32% ] 001/120 VUs  1m57.0s/6m0s  30.00 iters/s

running (1m58.0s), 001/120 VUs, 3539 complete and 0 interrupted iterations
demo   [  33% ] 001/120 VUs  1m58.0s/6m0s  30.00 iters/s

running (1m59.0s), 001/120 VUs, 3569 complete and 0 interrupted iterations
demo   [  33% ] 001/120 VUs  1m59.0s/6m0s  30.00 iters/s

running (2m00.0s), 001/120 VUs, 3599 complete and 0 interrupted iterations
demo   [  33% ] 001/120 VUs  2m00.0s/6m0s  30.00 iters/s

running (2m01.0s), 001/120 VUs, 3629 complete and 0 interrupted iterations
demo   [  34% ] 001/120 VUs  2m01.0s/6m0s  30.00 iters/s

running (2m02.0s), 001/120 VUs, 3659 complete and 0 interrupted iterations
demo   [  34% ] 001/120 VUs  2m02.0s/6m0s  30.00 iters/s

running (2m03.0s), 001/120 VUs, 3689 complete and 0 interrupted iterations
demo   [  34% ] 001/120 VUs  2m03.0s/6m0s  30.00 iters/s

running (2m04.0s), 001/120 VUs, 3719 complete and 0 interrupted iterations
demo   [  34% ] 001/120 VUs  2m04.0s/6m0s  30.00 iters/s

running (2m05.0s), 001/120 VUs, 3749 complete and 0 interrupted iterations
demo   [  35% ] 001/120 VUs  2m05.0s/6m0s  30.00 iters/s

running (2m06.0s), 001/120 VUs, 3779 complete and 0 interrupted iterations
demo   [  35% ] 001/120 VUs  2m06.0s/6m0s  30.00 iters/s

running (2m07.0s), 001/120 VUs, 3809 complete and 0 interrupted iterations
demo   [  35% ] 001/120 VUs  2m07.0s/6m0s  30.00 iters/s

running (2m08.0s), 001/120 VUs, 3839 complete and 0 interrupted iterations
demo   [  36% ] 001/120 VUs  2m08.0s/6m0s  30.00 iters/s

running (2m09.0s), 001/120 VUs, 3869 complete and 0 interrupted iterations
demo   [  36% ] 001/120 VUs  2m09.0s/6m0s  30.00 iters/s

running (2m10.0s), 001/120 VUs, 3899 complete and 0 interrupted iterations
demo   [  36% ] 001/120 VUs  2m10.0s/6m0s  30.00 iters/s

running (2m11.0s), 001/120 VUs, 3929 complete and 0 interrupted iterations
demo   [  36% ] 001/120 VUs  2m11.0s/6m0s  30.00 iters/s

running (2m12.0s), 001/120 VUs, 3959 complete and 0 interrupted iterations
demo   [  37% ] 001/120 VUs  2m12.0s/6m0s  30.00 iters/s

running (2m13.0s), 001/120 VUs, 3989 complete and 0 interrupted iterations
demo   [  37% ] 001/120 VUs  2m13.0s/6m0s  30.00 iters/s

running (2m14.0s), 001/120 VUs, 4019 complete and 0 interrupted iterations
demo   [  37% ] 001/120 VUs  2m14.0s/6m0s  30.00 iters/s

running (2m15.0s), 001/120 VUs, 4049 complete and 0 interrupted iterations
demo   [  37% ] 001/120 VUs  2m15.0s/6m0s  30.00 iters/s

running (2m16.0s), 001/120 VUs, 4079 complete and 0 interrupted iterations
demo   [  38% ] 001/120 VUs  2m16.0s/6m0s  30.00 iters/s

running (2m17.0s), 001/120 VUs, 4109 complete and 0 interrupted iterations
demo   [  38% ] 001/120 VUs  2m17.0s/6m0s  30.00 iters/s

running (2m18.0s), 001/120 VUs, 4139 complete and 0 interrupted iterations
demo   [  38% ] 001/120 VUs  2m18.0s/6m0s  30.00 iters/s

running (2m19.0s), 001/120 VUs, 4169 complete and 0 interrupted iterations
demo   [  39% ] 001/120 VUs  2m19.0s/6m0s  30.00 iters/s

running (2m20.0s), 001/120 VUs, 4199 complete and 0 interrupted iterations
demo   [  39% ] 001/120 VUs  2m20.0s/6m0s  30.00 iters/s

running (2m21.0s), 001/120 VUs, 4229 complete and 0 interrupted iterations
demo   [  39% ] 001/120 VUs  2m21.0s/6m0s  30.00 iters/s

running (2m22.0s), 001/120 VUs, 4259 complete and 0 interrupted iterations
demo   [  39% ] 001/120 VUs  2m22.0s/6m0s  30.00 iters/s

running (2m23.0s), 001/120 VUs, 4289 complete and 0 interrupted iterations
demo   [  40% ] 001/120 VUs  2m23.0s/6m0s  30.00 iters/s

running (2m24.0s), 001/120 VUs, 4319 complete and 0 interrupted iterations
demo   [  40% ] 001/120 VUs  2m24.0s/6m0s  30.00 iters/s

running (2m25.0s), 001/120 VUs, 4349 complete and 0 interrupted iterations
demo   [  40% ] 001/120 VUs  2m25.0s/6m0s  30.00 iters/s

running (2m26.0s), 001/120 VUs, 4379 complete and 0 interrupted iterations
demo   [  41% ] 001/120 VUs  2m26.0s/6m0s  30.00 iters/s

running (2m27.0s), 001/120 VUs, 4409 complete and 0 interrupted iterations
demo   [  41% ] 001/120 VUs  2m27.0s/6m0s  30.00 iters/s

running (2m28.0s), 001/120 VUs, 4439 complete and 0 interrupted iterations
demo   [  41% ] 001/120 VUs  2m28.0s/6m0s  30.00 iters/s

running (2m29.0s), 001/120 VUs, 4469 complete and 0 interrupted iterations
demo   [  41% ] 001/120 VUs  2m29.0s/6m0s  30.00 iters/s

running (2m30.0s), 001/120 VUs, 4499 complete and 0 interrupted iterations
demo   [  42% ] 001/120 VUs  2m30.0s/6m0s  30.00 iters/s

running (2m31.0s), 001/120 VUs, 4529 complete and 0 interrupted iterations
demo   [  42% ] 001/120 VUs  2m31.0s/6m0s  30.00 iters/s

running (2m32.0s), 001/120 VUs, 4559 complete and 0 interrupted iterations
demo   [  42% ] 001/120 VUs  2m32.0s/6m0s  30.00 iters/s

running (2m33.0s), 001/120 VUs, 4589 complete and 0 interrupted iterations
demo   [  42% ] 001/120 VUs  2m33.0s/6m0s  30.00 iters/s

running (2m34.0s), 001/120 VUs, 4619 complete and 0 interrupted iterations
demo   [  43% ] 001/120 VUs  2m34.0s/6m0s  30.00 iters/s

running (2m35.0s), 001/120 VUs, 4649 complete and 0 interrupted iterations
demo   [  43% ] 001/120 VUs  2m35.0s/6m0s  30.00 iters/s

running (2m36.0s), 001/120 VUs, 4679 complete and 0 interrupted iterations
demo   [  43% ] 001/120 VUs  2m36.0s/6m0s  30.00 iters/s

running (2m37.0s), 001/120 VUs, 4709 complete and 0 interrupted iterations
demo   [  44% ] 001/120 VUs  2m37.0s/6m0s  30.00 iters/s

running (2m38.0s), 001/120 VUs, 4739 complete and 0 interrupted iterations
demo   [  44% ] 001/120 VUs  2m38.0s/6m0s  30.00 iters/s

running (2m39.0s), 001/120 VUs, 4769 complete and 0 interrupted iterations
demo   [  44% ] 001/120 VUs  2m39.0s/6m0s  30.00 iters/s

running (2m40.0s), 001/120 VUs, 4799 complete and 0 interrupted iterations
demo   [  44% ] 001/120 VUs  2m40.0s/6m0s  30.00 iters/s

running (2m41.0s), 001/120 VUs, 4829 complete and 0 interrupted iterations
demo   [  45% ] 001/120 VUs  2m41.0s/6m0s  30.00 iters/s

running (2m42.0s), 001/120 VUs, 4859 complete and 0 interrupted iterations
demo   [  45% ] 001/120 VUs  2m42.0s/6m0s  30.00 iters/s

running (2m43.0s), 001/120 VUs, 4889 complete and 0 interrupted iterations
demo   [  45% ] 001/120 VUs  2m43.0s/6m0s  30.00 iters/s

running (2m44.0s), 001/120 VUs, 4919 complete and 0 interrupted iterations
demo   [  46% ] 001/120 VUs  2m44.0s/6m0s  30.00 iters/s

running (2m45.0s), 001/120 VUs, 4949 complete and 0 interrupted iterations
demo   [  46% ] 001/120 VUs  2m45.0s/6m0s  30.00 iters/s

running (2m46.0s), 001/120 VUs, 4979 complete and 0 interrupted iterations
demo   [  46% ] 001/120 VUs  2m46.0s/6m0s  30.00 iters/s

running (2m47.0s), 001/120 VUs, 5009 complete and 0 interrupted iterations
demo   [  46% ] 001/120 VUs  2m47.0s/6m0s  30.00 iters/s

running (2m48.0s), 001/120 VUs, 5039 complete and 0 interrupted iterations
demo   [  47% ] 001/120 VUs  2m48.0s/6m0s  30.00 iters/s

running (2m49.0s), 001/120 VUs, 5069 complete and 0 interrupted iterations
demo   [  47% ] 001/120 VUs  2m49.0s/6m0s  30.00 iters/s

running (2m50.0s), 001/120 VUs, 5099 complete and 0 interrupted iterations
demo   [  47% ] 001/120 VUs  2m50.0s/6m0s  30.00 iters/s

running (2m51.0s), 001/120 VUs, 5129 complete and 0 interrupted iterations
demo   [  47% ] 001/120 VUs  2m51.0s/6m0s  30.00 iters/s

running (2m52.0s), 001/120 VUs, 5159 complete and 0 interrupted iterations
demo   [  48% ] 001/120 VUs  2m52.0s/6m0s  30.00 iters/s

running (2m53.0s), 001/120 VUs, 5189 complete and 0 interrupted iterations
demo   [  48% ] 001/120 VUs  2m53.0s/6m0s  30.00 iters/s

running (2m54.0s), 001/120 VUs, 5219 complete and 0 interrupted iterations
demo   [  48% ] 001/120 VUs  2m54.0s/6m0s  30.00 iters/s

running (2m55.0s), 001/120 VUs, 5249 complete and 0 interrupted iterations
demo   [  49% ] 001/120 VUs  2m55.0s/6m0s  30.00 iters/s

running (2m56.0s), 001/120 VUs, 5279 complete and 0 interrupted iterations
demo   [  49% ] 001/120 VUs  2m56.0s/6m0s  30.00 iters/s

running (2m57.0s), 001/120 VUs, 5309 complete and 0 interrupted iterations
demo   [  49% ] 001/120 VUs  2m57.0s/6m0s  30.00 iters/s

running (2m58.0s), 001/120 VUs, 5339 complete and 0 interrupted iterations
demo   [  49% ] 001/120 VUs  2m58.0s/6m0s  30.00 iters/s

running (2m59.0s), 001/120 VUs, 5369 complete and 0 interrupted iterations
demo   [  50% ] 001/120 VUs  2m59.0s/6m0s  30.00 iters/s

running (3m00.0s), 001/120 VUs, 5399 complete and 0 interrupted iterations
demo   [  50% ] 001/120 VUs  3m00.0s/6m0s  30.00 iters/s

running (3m01.0s), 001/120 VUs, 5429 complete and 0 interrupted iterations
demo   [  50% ] 001/120 VUs  3m01.0s/6m0s  30.00 iters/s

running (3m02.0s), 001/120 VUs, 5459 complete and 0 interrupted iterations
demo   [  51% ] 001/120 VUs  3m02.0s/6m0s  30.00 iters/s

running (3m03.0s), 001/120 VUs, 5489 complete and 0 interrupted iterations
demo   [  51% ] 001/120 VUs  3m03.0s/6m0s  30.00 iters/s

running (3m04.0s), 001/120 VUs, 5519 complete and 0 interrupted iterations
demo   [  51% ] 001/120 VUs  3m04.0s/6m0s  30.00 iters/s

running (3m05.0s), 001/120 VUs, 5549 complete and 0 interrupted iterations
demo   [  51% ] 001/120 VUs  3m05.0s/6m0s  30.00 iters/s

running (3m06.0s), 001/120 VUs, 5579 complete and 0 interrupted iterations
demo   [  52% ] 001/120 VUs  3m06.0s/6m0s  30.00 iters/s

running (3m07.0s), 001/120 VUs, 5609 complete and 0 interrupted iterations
demo   [  52% ] 001/120 VUs  3m07.0s/6m0s  30.00 iters/s

running (3m08.0s), 001/120 VUs, 5639 complete and 0 interrupted iterations
demo   [  52% ] 001/120 VUs  3m08.0s/6m0s  30.00 iters/s

running (3m09.0s), 001/120 VUs, 5669 complete and 0 interrupted iterations
demo   [  52% ] 001/120 VUs  3m09.0s/6m0s  30.00 iters/s

running (3m10.0s), 001/120 VUs, 5699 complete and 0 interrupted iterations
demo   [  53% ] 001/120 VUs  3m10.0s/6m0s  30.00 iters/s

running (3m11.0s), 001/120 VUs, 5729 complete and 0 interrupted iterations
demo   [  53% ] 001/120 VUs  3m11.0s/6m0s  30.00 iters/s

running (3m12.0s), 001/120 VUs, 5759 complete and 0 interrupted iterations
demo   [  53% ] 001/120 VUs  3m12.0s/6m0s  30.00 iters/s

running (3m13.0s), 001/120 VUs, 5789 complete and 0 interrupted iterations
demo   [  54% ] 001/120 VUs  3m13.0s/6m0s  30.00 iters/s

running (3m14.0s), 001/120 VUs, 5819 complete and 0 interrupted iterations
demo   [  54% ] 001/120 VUs  3m14.0s/6m0s  30.00 iters/s

running (3m15.0s), 001/120 VUs, 5849 complete and 0 interrupted iterations
demo   [  54% ] 001/120 VUs  3m15.0s/6m0s  30.00 iters/s

running (3m16.0s), 001/120 VUs, 5879 complete and 0 interrupted iterations
demo   [  54% ] 001/120 VUs  3m16.0s/6m0s  30.00 iters/s

running (3m17.0s), 001/120 VUs, 5909 complete and 0 interrupted iterations
demo   [  55% ] 001/120 VUs  3m17.0s/6m0s  30.00 iters/s

running (3m18.0s), 001/120 VUs, 5939 complete and 0 interrupted iterations
demo   [  55% ] 001/120 VUs  3m18.0s/6m0s  30.00 iters/s

running (3m19.0s), 001/120 VUs, 5969 complete and 0 interrupted iterations
demo   [  55% ] 001/120 VUs  3m19.0s/6m0s  30.00 iters/s

running (3m20.0s), 001/120 VUs, 5999 complete and 0 interrupted iterations
demo   [  56% ] 001/120 VUs  3m20.0s/6m0s  30.00 iters/s

running (3m21.0s), 001/120 VUs, 6029 complete and 0 interrupted iterations
demo   [  56% ] 001/120 VUs  3m21.0s/6m0s  30.00 iters/s

running (3m22.0s), 001/120 VUs, 6059 complete and 0 interrupted iterations
demo   [  56% ] 001/120 VUs  3m22.0s/6m0s  30.00 iters/s

running (3m23.0s), 001/120 VUs, 6089 complete and 0 interrupted iterations
demo   [  56% ] 001/120 VUs  3m23.0s/6m0s  30.00 iters/s

running (3m24.0s), 001/120 VUs, 6119 complete and 0 interrupted iterations
demo   [  57% ] 001/120 VUs  3m24.0s/6m0s  30.00 iters/s

running (3m25.0s), 001/120 VUs, 6149 complete and 0 interrupted iterations
demo   [  57% ] 001/120 VUs  3m25.0s/6m0s  30.00 iters/s

running (3m26.0s), 001/120 VUs, 6179 complete and 0 interrupted iterations
demo   [  57% ] 001/120 VUs  3m26.0s/6m0s  30.00 iters/s

running (3m27.0s), 001/120 VUs, 6209 complete and 0 interrupted iterations
demo   [  57% ] 001/120 VUs  3m27.0s/6m0s  30.00 iters/s

running (3m28.0s), 001/120 VUs, 6239 complete and 0 interrupted iterations
demo   [  58% ] 001/120 VUs  3m28.0s/6m0s  30.00 iters/s

running (3m29.0s), 001/120 VUs, 6269 complete and 0 interrupted iterations
demo   [  58% ] 001/120 VUs  3m29.0s/6m0s  30.00 iters/s

running (3m30.0s), 001/120 VUs, 6299 complete and 0 interrupted iterations
demo   [  58% ] 001/120 VUs  3m30.0s/6m0s  30.00 iters/s

running (3m31.0s), 001/120 VUs, 6329 complete and 0 interrupted iterations
demo   [  59% ] 001/120 VUs  3m31.0s/6m0s  30.00 iters/s

running (3m32.0s), 001/120 VUs, 6359 complete and 0 interrupted iterations
demo   [  59% ] 001/120 VUs  3m32.0s/6m0s  30.00 iters/s

running (3m33.0s), 001/120 VUs, 6389 complete and 0 interrupted iterations
demo   [  59% ] 001/120 VUs  3m33.0s/6m0s  30.00 iters/s

running (3m34.0s), 001/120 VUs, 6419 complete and 0 interrupted iterations
demo   [  59% ] 001/120 VUs  3m34.0s/6m0s  30.00 iters/s

running (3m35.0s), 001/120 VUs, 6449 complete and 0 interrupted iterations
demo   [  60% ] 001/120 VUs  3m35.0s/6m0s  30.00 iters/s

running (3m36.0s), 001/120 VUs, 6479 complete and 0 interrupted iterations
demo   [  60% ] 001/120 VUs  3m36.0s/6m0s  30.00 iters/s

running (3m37.0s), 001/120 VUs, 6509 complete and 0 interrupted iterations
demo   [  60% ] 001/120 VUs  3m37.0s/6m0s  30.00 iters/s

running (3m38.0s), 001/120 VUs, 6539 complete and 0 interrupted iterations
demo   [  61% ] 001/120 VUs  3m38.0s/6m0s  30.00 iters/s

running (3m39.0s), 002/120 VUs, 6568 complete and 0 interrupted iterations
demo   [  61% ] 002/120 VUs  3m39.0s/6m0s  30.00 iters/s

running (3m40.0s), 001/120 VUs, 6599 complete and 0 interrupted iterations
demo   [  61% ] 001/120 VUs  3m40.0s/6m0s  30.00 iters/s

running (3m41.0s), 001/120 VUs, 6629 complete and 0 interrupted iterations
demo   [  61% ] 001/120 VUs  3m41.0s/6m0s  30.00 iters/s

running (3m42.0s), 001/120 VUs, 6659 complete and 0 interrupted iterations
demo   [  62% ] 001/120 VUs  3m42.0s/6m0s  30.00 iters/s

running (3m43.0s), 001/120 VUs, 6689 complete and 0 interrupted iterations
demo   [  62% ] 001/120 VUs  3m43.0s/6m0s  30.00 iters/s

running (3m44.0s), 001/120 VUs, 6719 complete and 0 interrupted iterations
demo   [  62% ] 001/120 VUs  3m44.0s/6m0s  30.00 iters/s

running (3m45.0s), 001/120 VUs, 6749 complete and 0 interrupted iterations
demo   [  62% ] 001/120 VUs  3m45.0s/6m0s  30.00 iters/s

running (3m46.0s), 001/120 VUs, 6779 complete and 0 interrupted iterations
demo   [  63% ] 001/120 VUs  3m46.0s/6m0s  30.00 iters/s

running (3m47.0s), 001/120 VUs, 6809 complete and 0 interrupted iterations
demo   [  63% ] 001/120 VUs  3m47.0s/6m0s  30.00 iters/s

running (3m48.0s), 001/120 VUs, 6839 complete and 0 interrupted iterations
demo   [  63% ] 001/120 VUs  3m48.0s/6m0s  30.00 iters/s

running (3m49.0s), 001/120 VUs, 6869 complete and 0 interrupted iterations
demo   [  64% ] 001/120 VUs  3m49.0s/6m0s  30.00 iters/s

running (3m50.0s), 001/120 VUs, 6899 complete and 0 interrupted iterations
demo   [  64% ] 001/120 VUs  3m50.0s/6m0s  30.00 iters/s

running (3m51.0s), 001/120 VUs, 6929 complete and 0 interrupted iterations
demo   [  64% ] 001/120 VUs  3m51.0s/6m0s  30.00 iters/s

running (3m52.0s), 001/120 VUs, 6959 complete and 0 interrupted iterations
demo   [  64% ] 001/120 VUs  3m52.0s/6m0s  30.00 iters/s

running (3m53.0s), 001/120 VUs, 6989 complete and 0 interrupted iterations
demo   [  65% ] 001/120 VUs  3m53.0s/6m0s  30.00 iters/s

running (3m54.0s), 001/120 VUs, 7019 complete and 0 interrupted iterations
demo   [  65% ] 001/120 VUs  3m54.0s/6m0s  30.00 iters/s

running (3m55.0s), 001/120 VUs, 7049 complete and 0 interrupted iterations
demo   [  65% ] 001/120 VUs  3m55.0s/6m0s  30.00 iters/s

running (3m56.0s), 001/120 VUs, 7079 complete and 0 interrupted iterations
demo   [  66% ] 001/120 VUs  3m56.0s/6m0s  30.00 iters/s

running (3m57.0s), 001/120 VUs, 7109 complete and 0 interrupted iterations
demo   [  66% ] 001/120 VUs  3m57.0s/6m0s  30.00 iters/s

running (3m58.0s), 001/120 VUs, 7139 complete and 0 interrupted iterations
demo   [  66% ] 001/120 VUs  3m58.0s/6m0s  30.00 iters/s

running (3m59.0s), 001/120 VUs, 7169 complete and 0 interrupted iterations
demo   [  66% ] 001/120 VUs  3m59.0s/6m0s  30.00 iters/s

running (4m00.0s), 001/120 VUs, 7199 complete and 0 interrupted iterations
demo   [  67% ] 001/120 VUs  4m00.0s/6m0s  30.00 iters/s

running (4m01.0s), 001/120 VUs, 7229 complete and 0 interrupted iterations
demo   [  67% ] 001/120 VUs  4m01.0s/6m0s  30.00 iters/s

running (4m02.0s), 001/120 VUs, 7259 complete and 0 interrupted iterations
demo   [  67% ] 001/120 VUs  4m02.0s/6m0s  30.00 iters/s

running (4m03.0s), 001/120 VUs, 7289 complete and 0 interrupted iterations
demo   [  67% ] 001/120 VUs  4m03.0s/6m0s  30.00 iters/s

running (4m04.0s), 001/120 VUs, 7319 complete and 0 interrupted iterations
demo   [  68% ] 001/120 VUs  4m04.0s/6m0s  30.00 iters/s

running (4m05.0s), 001/120 VUs, 7349 complete and 0 interrupted iterations
demo   [  68% ] 001/120 VUs  4m05.0s/6m0s  30.00 iters/s

running (4m06.0s), 001/120 VUs, 7379 complete and 0 interrupted iterations
demo   [  68% ] 001/120 VUs  4m06.0s/6m0s  30.00 iters/s

running (4m07.0s), 001/120 VUs, 7409 complete and 0 interrupted iterations
demo   [  69% ] 001/120 VUs  4m07.0s/6m0s  30.00 iters/s

running (4m08.0s), 001/120 VUs, 7439 complete and 0 interrupted iterations
demo   [  69% ] 001/120 VUs  4m08.0s/6m0s  30.00 iters/s

running (4m09.0s), 001/120 VUs, 7469 complete and 0 interrupted iterations
demo   [  69% ] 001/120 VUs  4m09.0s/6m0s  30.00 iters/s

running (4m10.0s), 001/120 VUs, 7499 complete and 0 interrupted iterations
demo   [  69% ] 001/120 VUs  4m10.0s/6m0s  30.00 iters/s

running (4m11.0s), 001/120 VUs, 7529 complete and 0 interrupted iterations
demo   [  70% ] 001/120 VUs  4m11.0s/6m0s  30.00 iters/s

running (4m12.0s), 001/120 VUs, 7559 complete and 0 interrupted iterations
demo   [  70% ] 001/120 VUs  4m12.0s/6m0s  30.00 iters/s

running (4m13.0s), 001/120 VUs, 7589 complete and 0 interrupted iterations
demo   [  70% ] 001/120 VUs  4m13.0s/6m0s  30.00 iters/s

running (4m14.0s), 001/120 VUs, 7619 complete and 0 interrupted iterations
demo   [  71% ] 001/120 VUs  4m14.0s/6m0s  30.00 iters/s

running (4m15.0s), 001/120 VUs, 7649 complete and 0 interrupted iterations
demo   [  71% ] 001/120 VUs  4m15.0s/6m0s  30.00 iters/s

running (4m16.0s), 001/120 VUs, 7679 complete and 0 interrupted iterations
demo   [  71% ] 001/120 VUs  4m16.0s/6m0s  30.00 iters/s

running (4m17.0s), 001/120 VUs, 7709 complete and 0 interrupted iterations
demo   [  71% ] 001/120 VUs  4m17.0s/6m0s  30.00 iters/s

running (4m18.0s), 001/120 VUs, 7739 complete and 0 interrupted iterations
demo   [  72% ] 001/120 VUs  4m18.0s/6m0s  30.00 iters/s

running (4m19.0s), 001/120 VUs, 7769 complete and 0 interrupted iterations
demo   [  72% ] 001/120 VUs  4m19.0s/6m0s  30.00 iters/s

running (4m20.0s), 001/120 VUs, 7799 complete and 0 interrupted iterations
demo   [  72% ] 001/120 VUs  4m20.0s/6m0s  30.00 iters/s

running (4m21.0s), 001/120 VUs, 7829 complete and 0 interrupted iterations
demo   [  72% ] 001/120 VUs  4m21.0s/6m0s  30.00 iters/s

running (4m22.0s), 001/120 VUs, 7859 complete and 0 interrupted iterations
demo   [  73% ] 001/120 VUs  4m22.0s/6m0s  30.00 iters/s

running (4m23.0s), 001/120 VUs, 7889 complete and 0 interrupted iterations
demo   [  73% ] 001/120 VUs  4m23.0s/6m0s  30.00 iters/s

running (4m24.0s), 001/120 VUs, 7919 complete and 0 interrupted iterations
demo   [  73% ] 001/120 VUs  4m24.0s/6m0s  30.00 iters/s

running (4m25.0s), 001/120 VUs, 7949 complete and 0 interrupted iterations
demo   [  74% ] 001/120 VUs  4m25.0s/6m0s  30.00 iters/s

running (4m26.0s), 001/120 VUs, 7979 complete and 0 interrupted iterations
demo   [  74% ] 001/120 VUs  4m26.0s/6m0s  30.00 iters/s

running (4m27.0s), 001/120 VUs, 8009 complete and 0 interrupted iterations
demo   [  74% ] 001/120 VUs  4m27.0s/6m0s  30.00 iters/s

running (4m28.0s), 001/120 VUs, 8039 complete and 0 interrupted iterations
demo   [  74% ] 001/120 VUs  4m28.0s/6m0s  30.00 iters/s

running (4m29.0s), 001/120 VUs, 8069 complete and 0 interrupted iterations
demo   [  75% ] 001/120 VUs  4m29.0s/6m0s  30.00 iters/s

running (4m30.0s), 001/120 VUs, 8099 complete and 0 interrupted iterations
demo   [  75% ] 001/120 VUs  4m30.0s/6m0s  30.00 iters/s

running (4m31.0s), 001/120 VUs, 8129 complete and 0 interrupted iterations
demo   [  75% ] 001/120 VUs  4m31.0s/6m0s  30.00 iters/s

running (4m32.0s), 001/120 VUs, 8159 complete and 0 interrupted iterations
demo   [  76% ] 001/120 VUs  4m32.0s/6m0s  30.00 iters/s

running (4m33.0s), 001/120 VUs, 8189 complete and 0 interrupted iterations
demo   [  76% ] 001/120 VUs  4m33.0s/6m0s  30.00 iters/s

running (4m34.0s), 001/120 VUs, 8219 complete and 0 interrupted iterations
demo   [  76% ] 001/120 VUs  4m34.0s/6m0s  30.00 iters/s

running (4m35.0s), 001/120 VUs, 8249 complete and 0 interrupted iterations
demo   [  76% ] 001/120 VUs  4m35.0s/6m0s  30.00 iters/s

running (4m36.0s), 001/120 VUs, 8279 complete and 0 interrupted iterations
demo   [  77% ] 001/120 VUs  4m36.0s/6m0s  30.00 iters/s

running (4m37.0s), 001/120 VUs, 8309 complete and 0 interrupted iterations
demo   [  77% ] 001/120 VUs  4m37.0s/6m0s  30.00 iters/s

running (4m38.0s), 001/120 VUs, 8339 complete and 0 interrupted iterations
demo   [  77% ] 001/120 VUs  4m38.0s/6m0s  30.00 iters/s

running (4m39.0s), 001/120 VUs, 8369 complete and 0 interrupted iterations
demo   [  77% ] 001/120 VUs  4m39.0s/6m0s  30.00 iters/s

running (4m40.0s), 001/120 VUs, 8399 complete and 0 interrupted iterations
demo   [  78% ] 001/120 VUs  4m40.0s/6m0s  30.00 iters/s

running (4m41.0s), 001/120 VUs, 8429 complete and 0 interrupted iterations
demo   [  78% ] 001/120 VUs  4m41.0s/6m0s  30.00 iters/s

running (4m42.0s), 001/120 VUs, 8459 complete and 0 interrupted iterations
demo   [  78% ] 001/120 VUs  4m42.0s/6m0s  30.00 iters/s

running (4m43.0s), 001/120 VUs, 8489 complete and 0 interrupted iterations
demo   [  79% ] 001/120 VUs  4m43.0s/6m0s  30.00 iters/s

running (4m44.0s), 001/120 VUs, 8519 complete and 0 interrupted iterations
demo   [  79% ] 001/120 VUs  4m44.0s/6m0s  30.00 iters/s

running (4m45.0s), 001/120 VUs, 8549 complete and 0 interrupted iterations
demo   [  79% ] 001/120 VUs  4m45.0s/6m0s  30.00 iters/s

running (4m46.0s), 001/120 VUs, 8579 complete and 0 interrupted iterations
demo   [  79% ] 001/120 VUs  4m46.0s/6m0s  30.00 iters/s

running (4m47.0s), 001/120 VUs, 8609 complete and 0 interrupted iterations
demo   [  80% ] 001/120 VUs  4m47.0s/6m0s  30.00 iters/s

running (4m48.0s), 001/120 VUs, 8639 complete and 0 interrupted iterations
demo   [  80% ] 001/120 VUs  4m48.0s/6m0s  30.00 iters/s

running (4m49.0s), 001/120 VUs, 8669 complete and 0 interrupted iterations
demo   [  80% ] 001/120 VUs  4m49.0s/6m0s  30.00 iters/s

running (4m50.0s), 001/120 VUs, 8699 complete and 0 interrupted iterations
demo   [  81% ] 001/120 VUs  4m50.0s/6m0s  30.00 iters/s

running (4m51.0s), 001/120 VUs, 8729 complete and 0 interrupted iterations
demo   [  81% ] 001/120 VUs  4m51.0s/6m0s  30.00 iters/s

running (4m52.0s), 001/120 VUs, 8759 complete and 0 interrupted iterations
demo   [  81% ] 001/120 VUs  4m52.0s/6m0s  30.00 iters/s

running (4m53.0s), 001/120 VUs, 8789 complete and 0 interrupted iterations
demo   [  81% ] 001/120 VUs  4m53.0s/6m0s  30.00 iters/s

running (4m54.0s), 001/120 VUs, 8819 complete and 0 interrupted iterations
demo   [  82% ] 001/120 VUs  4m54.0s/6m0s  30.00 iters/s

running (4m55.0s), 001/120 VUs, 8849 complete and 0 interrupted iterations
demo   [  82% ] 001/120 VUs  4m55.0s/6m0s  30.00 iters/s

running (4m56.0s), 001/120 VUs, 8879 complete and 0 interrupted iterations
demo   [  82% ] 001/120 VUs  4m56.0s/6m0s  30.00 iters/s

running (4m57.0s), 001/120 VUs, 8909 complete and 0 interrupted iterations
demo   [  82% ] 001/120 VUs  4m57.0s/6m0s  30.00 iters/s

running (4m58.0s), 001/120 VUs, 8939 complete and 0 interrupted iterations
demo   [  83% ] 001/120 VUs  4m58.0s/6m0s  30.00 iters/s

running (4m59.0s), 001/120 VUs, 8969 complete and 0 interrupted iterations
demo   [  83% ] 001/120 VUs  4m59.0s/6m0s  30.00 iters/s

running (5m00.0s), 001/120 VUs, 8999 complete and 0 interrupted iterations
demo   [  83% ] 001/120 VUs  5m00.0s/6m0s  30.00 iters/s

running (5m01.0s), 001/120 VUs, 9029 complete and 0 interrupted iterations
demo   [  84% ] 001/120 VUs  5m01.0s/6m0s  30.00 iters/s

running (5m02.0s), 001/120 VUs, 9059 complete and 0 interrupted iterations
demo   [  84% ] 001/120 VUs  5m02.0s/6m0s  30.00 iters/s

running (5m03.0s), 001/120 VUs, 9089 complete and 0 interrupted iterations
demo   [  84% ] 001/120 VUs  5m03.0s/6m0s  30.00 iters/s

running (5m04.0s), 001/120 VUs, 9119 complete and 0 interrupted iterations
demo   [  84% ] 001/120 VUs  5m04.0s/6m0s  30.00 iters/s

running (5m05.0s), 001/120 VUs, 9149 complete and 0 interrupted iterations
demo   [  85% ] 001/120 VUs  5m05.0s/6m0s  30.00 iters/s

running (5m06.0s), 001/120 VUs, 9179 complete and 0 interrupted iterations
demo   [  85% ] 001/120 VUs  5m06.0s/6m0s  30.00 iters/s

running (5m07.0s), 001/120 VUs, 9209 complete and 0 interrupted iterations
demo   [  85% ] 001/120 VUs  5m07.0s/6m0s  30.00 iters/s

running (5m08.0s), 001/120 VUs, 9239 complete and 0 interrupted iterations
demo   [  86% ] 001/120 VUs  5m08.0s/6m0s  30.00 iters/s

running (5m09.0s), 001/120 VUs, 9269 complete and 0 interrupted iterations
demo   [  86% ] 001/120 VUs  5m09.0s/6m0s  30.00 iters/s

running (5m10.0s), 001/120 VUs, 9299 complete and 0 interrupted iterations
demo   [  86% ] 001/120 VUs  5m10.0s/6m0s  30.00 iters/s

running (5m11.0s), 001/120 VUs, 9329 complete and 0 interrupted iterations
demo   [  86% ] 001/120 VUs  5m11.0s/6m0s  30.00 iters/s

running (5m12.0s), 001/120 VUs, 9359 complete and 0 interrupted iterations
demo   [  87% ] 001/120 VUs  5m12.0s/6m0s  30.00 iters/s

running (5m13.0s), 001/120 VUs, 9389 complete and 0 interrupted iterations
demo   [  87% ] 001/120 VUs  5m13.0s/6m0s  30.00 iters/s

running (5m14.0s), 001/120 VUs, 9419 complete and 0 interrupted iterations
demo   [  87% ] 001/120 VUs  5m14.0s/6m0s  30.00 iters/s

running (5m15.0s), 001/120 VUs, 9449 complete and 0 interrupted iterations
demo   [  87% ] 001/120 VUs  5m15.0s/6m0s  30.00 iters/s

running (5m16.0s), 001/120 VUs, 9479 complete and 0 interrupted iterations
demo   [  88% ] 001/120 VUs  5m16.0s/6m0s  30.00 iters/s

running (5m17.0s), 001/120 VUs, 9509 complete and 0 interrupted iterations
demo   [  88% ] 001/120 VUs  5m17.0s/6m0s  30.00 iters/s

running (5m18.0s), 001/120 VUs, 9539 complete and 0 interrupted iterations
demo   [  88% ] 001/120 VUs  5m18.0s/6m0s  30.00 iters/s

running (5m19.0s), 001/120 VUs, 9569 complete and 0 interrupted iterations
demo   [  89% ] 001/120 VUs  5m19.0s/6m0s  30.00 iters/s

running (5m20.0s), 002/120 VUs, 9598 complete and 0 interrupted iterations
demo   [  89% ] 002/120 VUs  5m20.0s/6m0s  30.00 iters/s

running (5m21.0s), 001/120 VUs, 9629 complete and 0 interrupted iterations
demo   [  89% ] 001/120 VUs  5m21.0s/6m0s  30.00 iters/s

running (5m22.0s), 001/120 VUs, 9659 complete and 0 interrupted iterations
demo   [  89% ] 001/120 VUs  5m22.0s/6m0s  30.00 iters/s

running (5m23.0s), 001/120 VUs, 9689 complete and 0 interrupted iterations
demo   [  90% ] 001/120 VUs  5m23.0s/6m0s  30.00 iters/s

running (5m24.0s), 001/120 VUs, 9719 complete and 0 interrupted iterations
demo   [  90% ] 001/120 VUs  5m24.0s/6m0s  30.00 iters/s

running (5m25.0s), 001/120 VUs, 9749 complete and 0 interrupted iterations
demo   [  90% ] 001/120 VUs  5m25.0s/6m0s  30.00 iters/s

running (5m26.0s), 001/120 VUs, 9779 complete and 0 interrupted iterations
demo   [  91% ] 001/120 VUs  5m26.0s/6m0s  30.00 iters/s

running (5m27.0s), 001/120 VUs, 9809 complete and 0 interrupted iterations
demo   [  91% ] 001/120 VUs  5m27.0s/6m0s  30.00 iters/s

running (5m28.0s), 001/120 VUs, 9839 complete and 0 interrupted iterations
demo   [  91% ] 001/120 VUs  5m28.0s/6m0s  30.00 iters/s

running (5m29.0s), 001/120 VUs, 9869 complete and 0 interrupted iterations
demo   [  91% ] 001/120 VUs  5m29.0s/6m0s  30.00 iters/s

running (5m30.0s), 001/120 VUs, 9899 complete and 0 interrupted iterations
demo   [  92% ] 001/120 VUs  5m30.0s/6m0s  30.00 iters/s

running (5m31.0s), 001/120 VUs, 9929 complete and 0 interrupted iterations
demo   [  92% ] 001/120 VUs  5m31.0s/6m0s  30.00 iters/s

running (5m32.0s), 001/120 VUs, 9959 complete and 0 interrupted iterations
demo   [  92% ] 001/120 VUs  5m32.0s/6m0s  30.00 iters/s

running (5m33.0s), 001/120 VUs, 9989 complete and 0 interrupted iterations
demo   [  92% ] 001/120 VUs  5m33.0s/6m0s  30.00 iters/s

running (5m34.0s), 001/120 VUs, 10019 complete and 0 interrupted iterations
demo   [  93% ] 001/120 VUs  5m34.0s/6m0s  30.00 iters/s

running (5m35.0s), 001/120 VUs, 10049 complete and 0 interrupted iterations
demo   [  93% ] 001/120 VUs  5m35.0s/6m0s  30.00 iters/s

running (5m36.0s), 001/120 VUs, 10079 complete and 0 interrupted iterations
demo   [  93% ] 001/120 VUs  5m36.0s/6m0s  30.00 iters/s

running (5m37.0s), 001/120 VUs, 10109 complete and 0 interrupted iterations
demo   [  94% ] 001/120 VUs  5m37.0s/6m0s  30.00 iters/s

running (5m38.0s), 001/120 VUs, 10139 complete and 0 interrupted iterations
demo   [  94% ] 001/120 VUs  5m38.0s/6m0s  30.00 iters/s

running (5m39.0s), 001/120 VUs, 10169 complete and 0 interrupted iterations
demo   [  94% ] 001/120 VUs  5m39.0s/6m0s  30.00 iters/s

running (5m40.0s), 001/120 VUs, 10199 complete and 0 interrupted iterations
demo   [  94% ] 001/120 VUs  5m40.0s/6m0s  30.00 iters/s

running (5m41.0s), 001/120 VUs, 10229 complete and 0 interrupted iterations
demo   [  95% ] 001/120 VUs  5m41.0s/6m0s  30.00 iters/s

running (5m42.0s), 001/120 VUs, 10259 complete and 0 interrupted iterations
demo   [  95% ] 001/120 VUs  5m42.0s/6m0s  30.00 iters/s

running (5m43.0s), 001/120 VUs, 10289 complete and 0 interrupted iterations
demo   [  95% ] 001/120 VUs  5m43.0s/6m0s  30.00 iters/s

running (5m44.0s), 001/120 VUs, 10319 complete and 0 interrupted iterations
demo   [  96% ] 001/120 VUs  5m44.0s/6m0s  30.00 iters/s

running (5m45.0s), 001/120 VUs, 10349 complete and 0 interrupted iterations
demo   [  96% ] 001/120 VUs  5m45.0s/6m0s  30.00 iters/s

running (5m46.0s), 001/120 VUs, 10379 complete and 0 interrupted iterations
demo   [  96% ] 001/120 VUs  5m46.0s/6m0s  30.00 iters/s

running (5m47.0s), 001/120 VUs, 10409 complete and 0 interrupted iterations
demo   [  96% ] 001/120 VUs  5m47.0s/6m0s  30.00 iters/s

running (5m48.0s), 001/120 VUs, 10439 complete and 0 interrupted iterations
demo   [  97% ] 001/120 VUs  5m48.0s/6m0s  30.00 iters/s

running (5m49.0s), 001/120 VUs, 10469 complete and 0 interrupted iterations
demo   [  97% ] 001/120 VUs  5m49.0s/6m0s  30.00 iters/s

running (5m50.0s), 001/120 VUs, 10499 complete and 0 interrupted iterations
demo   [  97% ] 001/120 VUs  5m50.0s/6m0s  30.00 iters/s

running (5m51.0s), 001/120 VUs, 10529 complete and 0 interrupted iterations
demo   [  97% ] 001/120 VUs  5m51.0s/6m0s  30.00 iters/s

running (5m52.0s), 001/120 VUs, 10559 complete and 0 interrupted iterations
demo   [  98% ] 001/120 VUs  5m52.0s/6m0s  30.00 iters/s

running (5m53.0s), 001/120 VUs, 10589 complete and 0 interrupted iterations
demo   [  98% ] 001/120 VUs  5m53.0s/6m0s  30.00 iters/s

running (5m54.0s), 001/120 VUs, 10619 complete and 0 interrupted iterations
demo   [  98% ] 001/120 VUs  5m54.0s/6m0s  30.00 iters/s

running (5m55.0s), 001/120 VUs, 10649 complete and 0 interrupted iterations
demo   [  99% ] 001/120 VUs  5m55.0s/6m0s  30.00 iters/s

running (5m56.0s), 001/120 VUs, 10679 complete and 0 interrupted iterations
demo   [  99% ] 001/120 VUs  5m56.0s/6m0s  30.00 iters/s

running (5m57.0s), 001/120 VUs, 10709 complete and 0 interrupted iterations
demo   [  99% ] 001/120 VUs  5m57.0s/6m0s  30.00 iters/s

running (5m58.0s), 001/120 VUs, 10739 complete and 0 interrupted iterations
demo   [  99% ] 001/120 VUs  5m58.0s/6m0s  30.00 iters/s

running (5m59.0s), 001/120 VUs, 10769 complete and 0 interrupted iterations
demo   [ 100% ] 001/120 VUs  5m59.0s/6m0s  30.00 iters/s

running (6m00.0s), 001/120 VUs, 10799 complete and 0 interrupted iterations
demo   [ 100% ] 001/120 VUs  6m00.0s/6m0s  30.00 iters/s

     ✗ status is 200
      ↳  99% — ✓ 10784 / ✗ 17

     checks.........................: 99.84% ✓ 10784     ✗ 17   
     data_received..................: 4.1 MB 11 kB/s
     data_sent......................: 599 kB 1.7 kB/s
     http_req_blocked...............: avg=32.36µs min=187ns   med=272ns   max=5.17ms   p(90)=449ns    p(95)=530ns   
     http_req_connecting............: avg=3.91µs  min=0s      med=0s      max=739.18µs p(90)=0s       p(95)=0s      
     http_req_duration..............: avg=23.42ms min=14.58ms med=21.77ms max=914.87ms p(90)=27.49ms  p(95)=30.99ms 
       { expected_response:true }...: avg=23.42ms min=14.58ms med=21.77ms max=914.87ms p(90)=27.49ms  p(95)=30.99ms 
     http_req_failed................: 0.15%  ✓ 17        ✗ 10784
     http_req_receiving.............: avg=64.38µs min=21.57µs med=51.14µs max=1.85ms   p(90)=121.28µs p(95)=136.08µs
     http_req_sending...............: avg=64.97µs min=38.67µs med=61.44µs max=997.62µs p(90)=79.55µs  p(95)=89.55µs 
     http_req_tls_handshaking.......: avg=26.41µs min=0s      med=0s      max=3.66ms   p(90)=0s       p(95)=0s      
     http_req_waiting...............: avg=23.29ms min=14.44ms med=21.64ms max=914.6ms  p(90)=27.37ms  p(95)=30.85ms 
     http_reqs......................: 10801  29.999777/s
     iteration_duration.............: avg=23.64ms min=14.76ms med=21.96ms max=920.24ms p(90)=27.76ms  p(95)=31.27ms 
     iterations.....................: 10801  29.999777/s
     vus............................: 1      min=1       max=6  
     vus_max........................: 120    min=120     max=120


running (6m00.0s), 000/120 VUs, 10801 complete and 0 interrupted iterations
demo ✓ [ 100% ] 000/120 VUs  6m0s  30.00 iters/s
